<?xml version="1.0" encoding="UTF-8"?>
<testsuite name="quantitymeasurement.QuantityTest" tests="1" skipped="0" failures="0" errors="0" timestamp="2020-10-14T18:14:28" hostname="DESKTOP-VKMRUMV" time="0.004">
  <properties/>
  <testcase name="given1LitreAnd1000Ml_ShouldReturnEqualLength" classname="quantitymeasurement.QuantityTest" time="0.004"/>
  <system-out><![CDATA[]]></system-out>
  <system-err><![CDATA[]]></system-err>
</testsuite>
