<?xml version="1.0" encoding="UTF-8"?>
<testsuite name="quantitymeasurement.QuantityTest" tests="1" skipped="0" failures="0" errors="0" timestamp="2020-10-13T10:02:53" hostname="DESKTOP-VKMRUMV" time="0.016">
  <properties/>
  <testcase name="given0Feetand0Feet_ShouldReturnEqual" classname="quantitymeasurement.QuantityTest" time="0.016"/>
  <system-out><![CDATA[]]></system-out>
  <system-err><![CDATA[]]></system-err>
</testsuite>
