<?xml version="1.0" encoding="UTF-8"?>
<testsuite name="quantitymeasurement.QuantityTest" tests="1" skipped="1" failures="0" errors="0" timestamp="2020-10-14T06:57:56" hostname="DESKTOP-VKMRUMV" time="35.54">
  <properties/>
  <testcase name="given1FeetAnd12Inch_ShouldReturnEqualLength" classname="quantitymeasurement.QuantityTest" time="35.54">
    <skipped/>
  </testcase>
  <system-out><![CDATA[]]></system-out>
  <system-err><![CDATA[]]></system-err>
</testsuite>
