<?xml version="1.0" encoding="UTF-8"?>
<testsuite name="quantitymeasurement.QuantityTest" tests="1" skipped="0" failures="0" errors="0" timestamp="2020-10-14T18:35:40" hostname="DESKTOP-VKMRUMV" time="0.006">
  <properties/>
  <testcase name="given1LitreAnd1000Ml_ShouldCorrectValue" classname="quantitymeasurement.QuantityTest" time="0.006"/>
  <system-out><![CDATA[]]></system-out>
  <system-err><![CDATA[]]></system-err>
</testsuite>
